<?xml version="1.0" encoding="UTF-8"?>
<!-- Generated by org.testng.reporters.JUnitXMLReporter -->
<testsuite ignored="0" hostname="DESKTOP-RVJV18D" failures="0" tests="79" name="Surefire test" time="149.872" errors="0" timestamp="2024-04-17T10:31:40 IST">
  <testcase classname="com.testserver.testcases.ALogin_QATest" name="loginTest" time="8.229"/>
  <testcase classname="com.testserver.testcases.BDisposition_Test" name="clickOnDispositionlinkTest" time="4.733"/>
  <testcase classname="com.testserver.testcases.CBrandcalllog_Test" name="clickBCL" time="2.902"/>
  <testcase classname="com.testserver.testcases.CBrandcalllog_Test" name="bclSelectTag" time="1.903"/>
  <testcase classname="com.testserver.testcases.CBrandcalllog_Test" name="bclUpdateIntiation" time="0.666"/>
  <testcase classname="com.testserver.testcases.CBrandcalllog_Test" name="bclEmailDate" time="3.178"/>
  <testcase classname="com.testserver.testcases.CBrandcalllog_Test" name="bclInitiationLocation" time="1.107"/>
  <testcase classname="com.testserver.testcases.CBrandcalllog_Test" name="bclLocationInhouse" time="0.092"/>
  <testcase classname="com.testserver.testcases.CBrandcalllog_Test" name="bclAddremarks" time="1.032"/>
  <testcase classname="com.testserver.testcases.CBrandcalllog_Test" name="bclFirstConfirm" time="0.457"/>
  <testcase classname="com.testserver.testcases.CBrandcalllog_Test" name="bclSelectItem" time="2.544"/>
  <testcase classname="com.testserver.testcases.CBrandcalllog_Test" name="bclUpdateCallLogTag" time="1.149"/>
  <testcase classname="com.testserver.testcases.CBrandcalllog_Test" name="bclEnterCallLog" time="0.81"/>
  <testcase classname="com.testserver.testcases.CBrandcalllog_Test" name="bclUpdateSecond" time="0.325"/>
  <testcase classname="com.testserver.testcases.CBrandcalllog_Test" name="bclInspectionSelectTag" time="2.329"/>
  <testcase classname="com.testserver.testcases.CBrandcalllog_Test" name="bclInspectionUpdate" time="0.607"/>
  <testcase classname="com.testserver.testcases.CBrandcalllog_Test" name="bclEnterInvoice" time="0.837"/>
  <testcase classname="com.testserver.testcases.CBrandcalllog_Test" name="bclInspectionThird" time="0.32"/>
  <testcase classname="com.testserver.testcases.CBrandcalllog_Test" name="bclSelectTagBrand" time="1.11"/>
  <testcase classname="com.testserver.testcases.CBrandcalllog_Test" name="bclInspectionBrandInspection" time="0.629"/>
  <testcase classname="com.testserver.testcases.CBrandcalllog_Test" name="bclBrandInspectionDate" time="3.165"/>
  <testcase classname="com.testserver.testcases.CBrandcalllog_Test" name="bclBrandInspectionLocation" time="0.592"/>
  <testcase classname="com.testserver.testcases.CBrandcalllog_Test" name="bclBrandLocationInhouse" time="0.084"/>
  <testcase classname="com.testserver.testcases.CBrandcalllog_Test" name="bclBrandInspectionRemarks" time="0.806"/>
  <testcase classname="com.testserver.testcases.CBrandcalllog_Test" name="bclBrandInspectionAttachDoc" time="3.206"/>
  <testcase classname="com.testserver.testcases.CBrandcalllog_Test" name="bclBrandInspectionConfirm" time="1.612"/>
  <testcase classname="com.testserver.testcases.CBrandcalllog_Test" name="bclResolutionSelectItem" time="4.792"/>
  <testcase classname="com.testserver.testcases.CBrandcalllog_Test" name="bclBrandResolution" time="1.132"/>
  <testcase classname="com.testserver.testcases.CBrandcalllog_Test" name="bclBrandInspectionSetDisposition" time="0.106"/>
  <testcase classname="com.testserver.testcases.CBrandcalllog_Test" name="bclBrandSetDispoInsurance" time="0.647"/>
  <testcase classname="com.testserver.testcases.CBrandcalllog_Test" name="bclBrandResolutionRemarks" time="0.776"/>
  <testcase classname="com.testserver.testcases.CBrandcalllog_Test" name="bclBrandResolutionAttachDoc" time="2.831"/>
  <testcase classname="com.testserver.testcases.CBrandcalllog_Test" name="bclBrandResolutionConfirm" time="0.678"/>
  <testcase classname="com.testserver.testcases.CBrandcalllog_Test" name="Disposition" time="2.542"/>
  <testcase classname="com.testserver.testcases.DInsurance_Test" name="Insurance1" time="2.041"/>
  <testcase classname="com.testserver.testcases.DInsurance_Test" name="insuSelectItem" time="3.674"/>
  <testcase classname="com.testserver.testcases.DInsurance_Test" name="insuClaimSubmitionDate" time="4.367"/>
  <testcase classname="com.testserver.testcases.DInsurance_Test" name="insuClaimAmount" time="1.249"/>
  <testcase classname="com.testserver.testcases.DInsurance_Test" name="insuAddRemarks" time="1.243"/>
  <testcase classname="com.testserver.testcases.DInsurance_Test" name="insuAttachDoc" time="2.622"/>
  <testcase classname="com.testserver.testcases.DInsurance_Test" name="insuConfirmFirst" time="1.691"/>
  <testcase classname="com.testserver.testcases.DInsurance_Test" name="insuUpdateCallSelectItem" time="2.418"/>
  <testcase classname="com.testserver.testcases.DInsurance_Test" name="insuUpdateClaimCallLog" time="1.095"/>
  <testcase classname="com.testserver.testcases.DInsurance_Test" name="insuEnterCallLog" time="0.835"/>
  <testcase classname="com.testserver.testcases.DInsurance_Test" name="insuConfirmSecond" time="0.622"/>
  <testcase classname="com.testserver.testcases.DInsurance_Test" name="insuSurveyorSelectItem" time="2.144"/>
  <testcase classname="com.testserver.testcases.DInsurance_Test" name="insuSurveyorClaimInspectionDate" time="6.405"/>
  <testcase classname="com.testserver.testcases.DInsurance_Test" name="InsuSurveyorAddRemarks" time="0.787"/>
  <testcase classname="com.testserver.testcases.DInsurance_Test" name="insuAttachDocInspection" time="3.129"/>
  <testcase classname="com.testserver.testcases.DInsurance_Test" name="insuConfirmThird" time="1.143"/>
  <testcase classname="com.testserver.testcases.DInsurance_Test" name="insuClaimResolutionApprove" time="6.01"/>
  <testcase classname="com.testserver.testcases.DInsurance_Test" name="insuClaimResolutionApprovelDate" time="5.307"/>
  <testcase classname="com.testserver.testcases.DInsurance_Test" name="insuClaimResolutionApprovedAmount" time="0.176"/>
  <testcase classname="com.testserver.testcases.DInsurance_Test" name="insuClaimResolutionAddRemarks" time="0.256"/>
  <testcase classname="com.testserver.testcases.DInsurance_Test" name="insuAttachDocClaimresolution" time="3.151"/>
  <testcase classname="com.testserver.testcases.DInsurance_Test" name="insuConfirmFourth" time="1.642"/>
  <testcase classname="com.testserver.testcases.DInsurance_Test" name="insuPendingLiquidationSelectItem" time="4.106"/>
  <testcase classname="com.testserver.testcases.DInsurance_Test" name="insuPendingLiquidSetDisposition" time="1.123"/>
  <testcase classname="com.testserver.testcases.DInsurance_Test" name="insuSetDispositionLiquidation" time="1.152"/>
  <testcase classname="com.testserver.testcases.DInsurance_Test" name="insuPendingLiquidationAddRemarks" time="1.865"/>
  <testcase classname="com.testserver.testcases.DInsurance_Test" name="insuAttachDocPendingLiqui" time="3.156"/>
  <testcase classname="com.testserver.testcases.DInsurance_Test" name="insuConfirm5th" time="1.606"/>
  <testcase classname="com.testserver.testcases.DInsurance_Test" name="Disposition" time="2.118"/>
  <testcase classname="com.testserver.testcases.FRTV_Test" name="RTV" time="2.185"/>
  <testcase classname="com.testserver.testcases.FRTV_Test" name="rtvSelectItem" time="2.104"/>
  <testcase classname="com.testserver.testcases.FRTV_Test" name="RTVSetDisposition" time="1.614"/>
  <testcase classname="com.testserver.testcases.FRTV_Test" name="RTVDispoToInsurance" time="1.652"/>
  <testcase classname="com.testserver.testcases.FRTV_Test" name="RTVAddRemarks" time="0.799"/>
  <testcase classname="com.testserver.testcases.FRTV_Test" name="RTVAttachDoc" time="2.584"/>
  <testcase classname="com.testserver.testcases.FRTV_Test" name="RTVConfirm" time="1.681"/>
  <testcase classname="com.testserver.testcases.FRTV_Test" name="rtvSelectItemForDispatch" time="2.611"/>
  <testcase classname="com.testserver.testcases.FRTV_Test" name="RTVMoveToDispatch" time="1.169"/>
  <testcase classname="com.testserver.testcases.FRTV_Test" name="RTVVendorcode" time="0.142"/>
  <testcase classname="com.testserver.testcases.FRTV_Test" name="RTVVendorDropdown" time="2.275"/>
  <testcase classname="com.testserver.testcases.FRTV_Test" name="RTVLotName" time="0.757"/>
  <testcase classname="com.testserver.testcases.FRTV_Test" name="RTVConfirmDispatch" time="1.12"/>
  <testcase classname="com.testserver.testcases.FRTV_Test" name="RTVDispatchOkbutton" time="1.625"/>
  <testcase classname="com.testserver.testcases.ZLogout_Test" name="logout" time="1.093"/>
  <testcase classname="com.testserver.testcases.ZLogout_Test" name="Logout_Test" time="1.129"/>
</testsuite> <!-- Surefire test -->
