<?xml version="1.0" encoding="UTF-8"?>
<testng-results ignored="0" total="1" passed="1" failed="0" skipped="0">
  <reporter-output>
    <line>
      <![CDATA[Logined succussfully]]>
    </line>
  </reporter-output>
  <suite started-at="2024-03-09T11:22:58 IST" name="Suite" finished-at="2024-03-09T11:23:07 IST" duration-ms="8240">
    <groups>
    </groups>
    <test started-at="2024-03-09T11:22:58 IST" name="Test" finished-at="2024-03-09T11:23:07 IST" duration-ms="8240">
      <class name="com.testserver.testcases.Login_QATest">
        <test-method is-config="true" signature="setUp()[pri:0, instance:com.testserver.testcases.Login_QATest@51399530]" started-at="2024-03-09T11:22:52 IST" name="setUp" finished-at="2024-03-09T11:22:58 IST" duration-ms="6103" status="PASS">
          <reporter-output>
          </reporter-output>
        </test-method> <!-- setUp -->
        <test-method is-config="true" signature="signIn()[pri:0, instance:com.testserver.testcases.Login_QATest@51399530]" started-at="2024-03-09T11:22:58 IST" name="signIn" finished-at="2024-03-09T11:22:58 IST" duration-ms="28" status="PASS">
          <reporter-output>
          </reporter-output>
        </test-method> <!-- signIn -->
        <test-method signature="loginTest()[pri:0, instance:com.testserver.testcases.Login_QATest@51399530]" started-at="2024-03-09T11:22:58 IST" name="loginTest" finished-at="2024-03-09T11:23:07 IST" duration-ms="8170" status="PASS">
          <reporter-output>
            <line>
              <![CDATA[Logined succussfully]]>
            </line>
          </reporter-output>
        </test-method> <!-- loginTest -->
        <test-method is-config="true" signature="tearDown()[pri:0, instance:com.testserver.testcases.Login_QATest@51399530]" started-at="2024-03-09T11:23:07 IST" name="tearDown" finished-at="2024-03-09T11:23:07 IST" duration-ms="0" status="PASS">
          <reporter-output>
          </reporter-output>
        </test-method> <!-- tearDown -->
      </class> <!-- com.testserver.testcases.Login_QATest -->
    </test> <!-- Test -->
  </suite> <!-- Suite -->
</testng-results>
